[0.492s] Invoking command in '/home/haru/ros2_ws/src/mypkg': PYTHONPATH=/home/haru/ros2_ws/build/mypkg/prefix_override:/usr/lib/python3/dist-packages/colcon_core/task/python/colcon_distutils_commands:/home/haru/ros2_ws/install/mypkg/lib/python3.8/site-packages:${PYTHONPATH} /usr/bin/python3 -W ignore:setup.py install is deprecated setup.py egg_info --egg-base ../../build/mypkg build --build-base /home/haru/ros2_ws/build/mypkg/build install --record /home/haru/ros2_ws/build/mypkg/install.log --install-scripts $base/lib/mypkg --single-version-externally-managed install_data
[0.614s] running egg_info
[0.615s] writing ../../build/mypkg/mypkg.egg-info/PKG-INFO
[0.616s] writing dependency_links to ../../build/mypkg/mypkg.egg-info/dependency_links.txt
[0.616s] writing entry points to ../../build/mypkg/mypkg.egg-info/entry_points.txt
[0.616s] writing requirements to ../../build/mypkg/mypkg.egg-info/requires.txt
[0.616s] writing top-level names to ../../build/mypkg/mypkg.egg-info/top_level.txt
[0.648s] reading manifest file '../../build/mypkg/mypkg.egg-info/SOURCES.txt'
[0.649s] writing manifest file '../../build/mypkg/mypkg.egg-info/SOURCES.txt'
[0.649s] running build
[0.649s] running build_py
[0.650s] copying mypkg/talker.py -> /home/haru/ros2_ws/build/mypkg/build/lib/mypkg
[0.650s] running install
[0.651s] running install_lib
[0.652s] copying /home/haru/ros2_ws/build/mypkg/build/lib/mypkg/talker.py -> /home/haru/ros2_ws/install/mypkg/lib/python3.8/site-packages/mypkg
[0.653s] byte-compiling /home/haru/ros2_ws/install/mypkg/lib/python3.8/site-packages/mypkg/talker.py to talker.cpython-38.pyc
[0.654s]   File "/home/haru/ros2_ws/install/mypkg/lib/python3.8/site-packages/mypkg/talker.py", line 7
[0.654s]     pub node.create_publisher(Int16, "countup", 10)
[0.654s]         ^
[0.654s] SyntaxError: invalid syntax
[0.654s] 
[0.654s] running install_data
[0.654s] copying package.xml -> /home/haru/ros2_ws/install/mypkg/share/mypkg
[0.655s] running install_egg_info
[0.655s] removing '/home/haru/ros2_ws/install/mypkg/lib/python3.8/site-packages/mypkg-0.0.0-py3.8.egg-info' (and everything under it)
[0.656s] Copying ../../build/mypkg/mypkg.egg-info to /home/haru/ros2_ws/install/mypkg/lib/python3.8/site-packages/mypkg-0.0.0-py3.8.egg-info
[0.657s] running install_scripts
[0.668s] Installing talker script to /home/haru/ros2_ws/install/mypkg/lib/mypkg
[0.669s] writing list of installed files to '/home/haru/ros2_ws/build/mypkg/install.log'
[0.683s] Invoked command in '/home/haru/ros2_ws/src/mypkg' returned '0': PYTHONPATH=/home/haru/ros2_ws/build/mypkg/prefix_override:/usr/lib/python3/dist-packages/colcon_core/task/python/colcon_distutils_commands:/home/haru/ros2_ws/install/mypkg/lib/python3.8/site-packages:${PYTHONPATH} /usr/bin/python3 -W ignore:setup.py install is deprecated setup.py egg_info --egg-base ../../build/mypkg build --build-base /home/haru/ros2_ws/build/mypkg/build install --record /home/haru/ros2_ws/build/mypkg/install.log --install-scripts $base/lib/mypkg --single-version-externally-managed install_data
