[0.514s] Invoking command in '/home/haru/test-1/ros2_ws/src/mypkg': PYTHONPATH=/home/haru/test-1/ros2_ws/build/mypkg/prefix_override:/usr/lib/python3/dist-packages/colcon_core/task/python/colcon_distutils_commands:/home/haru/test-1/ros2_ws/install/mypkg/lib/python3.8/site-packages:${PYTHONPATH} /usr/bin/python3 -W ignore:setup.py install is deprecated setup.py egg_info --egg-base ../../build/mypkg build --build-base /home/haru/test-1/ros2_ws/build/mypkg/build install --record /home/haru/test-1/ros2_ws/build/mypkg/install.log --install-scripts $base/lib/mypkg --single-version-externally-managed install_data
[0.647s] running egg_info
[0.647s] writing ../../build/mypkg/mypkg.egg-info/PKG-INFO
[0.648s] writing dependency_links to ../../build/mypkg/mypkg.egg-info/dependency_links.txt
[0.648s] writing entry points to ../../build/mypkg/mypkg.egg-info/entry_points.txt
[0.648s] writing requirements to ../../build/mypkg/mypkg.egg-info/requires.txt
[0.648s] writing top-level names to ../../build/mypkg/mypkg.egg-info/top_level.txt
[0.672s] reading manifest file '../../build/mypkg/mypkg.egg-info/SOURCES.txt'
[0.673s] writing manifest file '../../build/mypkg/mypkg.egg-info/SOURCES.txt'
[0.673s] running build
[0.673s] running build_py
[0.674s] copying mypkg/talker.py -> /home/haru/test-1/ros2_ws/build/mypkg/build/lib/mypkg
[0.675s] running install
[0.676s] running install_lib
[0.676s] copying /home/haru/test-1/ros2_ws/build/mypkg/build/lib/mypkg/talker.py -> /home/haru/test-1/ros2_ws/install/mypkg/lib/python3.8/site-packages/mypkg
[0.677s] byte-compiling /home/haru/test-1/ros2_ws/install/mypkg/lib/python3.8/site-packages/mypkg/talker.py to talker.cpython-38.pyc
[0.678s] running install_data
[0.679s] running install_egg_info
[0.680s] removing '/home/haru/test-1/ros2_ws/install/mypkg/lib/python3.8/site-packages/mypkg-0.0.0-py3.8.egg-info' (and everything under it)
[0.681s] Copying ../../build/mypkg/mypkg.egg-info to /home/haru/test-1/ros2_ws/install/mypkg/lib/python3.8/site-packages/mypkg-0.0.0-py3.8.egg-info
[0.682s] running install_scripts
[0.692s] Installing listener script to /home/haru/test-1/ros2_ws/install/mypkg/lib/mypkg
[0.693s] Installing talker script to /home/haru/test-1/ros2_ws/install/mypkg/lib/mypkg
[0.693s] writing list of installed files to '/home/haru/test-1/ros2_ws/build/mypkg/install.log'
[0.707s] Invoked command in '/home/haru/test-1/ros2_ws/src/mypkg' returned '0': PYTHONPATH=/home/haru/test-1/ros2_ws/build/mypkg/prefix_override:/usr/lib/python3/dist-packages/colcon_core/task/python/colcon_distutils_commands:/home/haru/test-1/ros2_ws/install/mypkg/lib/python3.8/site-packages:${PYTHONPATH} /usr/bin/python3 -W ignore:setup.py install is deprecated setup.py egg_info --egg-base ../../build/mypkg build --build-base /home/haru/test-1/ros2_ws/build/mypkg/build install --record /home/haru/test-1/ros2_ws/build/mypkg/install.log --install-scripts $base/lib/mypkg --single-version-externally-managed install_data
