[0.425s] Invoking command in '/home/haru/test-1/ros2_ws/src/mypkg': PYTHONPATH=/home/haru/test-1/ros2_ws/build/mypkg/prefix_override:/usr/lib/python3/dist-packages/colcon_core/task/python/colcon_distutils_commands:/home/haru/test-1/ros2_ws/install/mypkg/lib/python3.8/site-packages:${PYTHONPATH} /usr/bin/python3 -W ignore:setup.py install is deprecated setup.py egg_info --egg-base ../../build/mypkg build --build-base /home/haru/test-1/ros2_ws/build/mypkg/build install --record /home/haru/test-1/ros2_ws/build/mypkg/install.log --install-scripts $base/lib/mypkg --single-version-externally-managed install_data
[0.539s] running egg_info
[0.539s] writing ../../build/mypkg/mypkg.egg-info/PKG-INFO
[0.540s] writing dependency_links to ../../build/mypkg/mypkg.egg-info/dependency_links.txt
[0.540s] writing entry points to ../../build/mypkg/mypkg.egg-info/entry_points.txt
[0.540s] writing requirements to ../../build/mypkg/mypkg.egg-info/requires.txt
[0.540s] writing top-level names to ../../build/mypkg/mypkg.egg-info/top_level.txt
[0.562s] reading manifest file '../../build/mypkg/mypkg.egg-info/SOURCES.txt'
[0.564s] writing manifest file '../../build/mypkg/mypkg.egg-info/SOURCES.txt'
[0.564s] running build
[0.564s] running build_py
[0.564s] copying mypkg/talker.py -> /home/haru/test-1/ros2_ws/build/mypkg/build/lib/mypkg
[0.564s] running install
[0.565s] running install_lib
[0.566s] copying /home/haru/test-1/ros2_ws/build/mypkg/build/lib/mypkg/talker.py -> /home/haru/test-1/ros2_ws/install/mypkg/lib/python3.8/site-packages/mypkg
[0.566s] byte-compiling /home/haru/test-1/ros2_ws/install/mypkg/lib/python3.8/site-packages/mypkg/talker.py to talker.cpython-38.pyc
[0.567s] Sorry: IndentationError: unexpected indent (talker.py, line 5)
[0.567s] running install_data
[0.567s] running install_egg_info
[0.568s] removing '/home/haru/test-1/ros2_ws/install/mypkg/lib/python3.8/site-packages/mypkg-0.0.0-py3.8.egg-info' (and everything under it)
[0.568s] Copying ../../build/mypkg/mypkg.egg-info to /home/haru/test-1/ros2_ws/install/mypkg/lib/python3.8/site-packages/mypkg-0.0.0-py3.8.egg-info
[0.569s] running install_scripts
[0.580s] Installing listener script to /home/haru/test-1/ros2_ws/install/mypkg/lib/mypkg
[0.580s] Installing talker script to /home/haru/test-1/ros2_ws/install/mypkg/lib/mypkg
[0.581s] writing list of installed files to '/home/haru/test-1/ros2_ws/build/mypkg/install.log'
[0.594s] Invoked command in '/home/haru/test-1/ros2_ws/src/mypkg' returned '0': PYTHONPATH=/home/haru/test-1/ros2_ws/build/mypkg/prefix_override:/usr/lib/python3/dist-packages/colcon_core/task/python/colcon_distutils_commands:/home/haru/test-1/ros2_ws/install/mypkg/lib/python3.8/site-packages:${PYTHONPATH} /usr/bin/python3 -W ignore:setup.py install is deprecated setup.py egg_info --egg-base ../../build/mypkg build --build-base /home/haru/test-1/ros2_ws/build/mypkg/build install --record /home/haru/test-1/ros2_ws/build/mypkg/install.log --install-scripts $base/lib/mypkg --single-version-externally-managed install_data
