[0.134s] Invoking command in '/home/haru/test-1/ros2_ws/build/person_msgs': CMAKE_PREFIX_PATH=/home/haru/test-1/ros2_ws/install/mypkg:/opt/ros/foxy /usr/bin/cmake /home/haru/test-1/ros2_ws/src/person_msgs -DCMAKE_INSTALL_PREFIX=/home/haru/test-1/ros2_ws/install/person_msgs
[0.331s] -- The C compiler identification is GNU 9.4.0
[0.471s] -- The CXX compiler identification is GNU 9.4.0
[0.504s] -- Check for working C compiler: /usr/bin/cc
[0.572s] -- Check for working C compiler: /usr/bin/cc -- works
[0.574s] -- Detecting C compiler ABI info
[0.634s] -- Detecting C compiler ABI info - done
[0.642s] -- Detecting C compile features
[0.643s] -- Detecting C compile features - done
[0.645s] -- Check for working CXX compiler: /usr/bin/c++
[0.713s] -- Check for working CXX compiler: /usr/bin/c++ -- works
[0.713s] -- Detecting CXX compiler ABI info
[0.781s] -- Detecting CXX compiler ABI info - done
[0.788s] -- Detecting CXX compile features
[0.788s] -- Detecting CXX compile features - done
[0.803s] -- Found ament_cmake: 0.9.12 (/opt/ros/foxy/share/ament_cmake/cmake)
[0.821s] -- Found PythonInterp: /usr/bin/python3 (found suitable version "3.8.10", minimum required is "3") 
[0.821s] -- Using PYTHON_EXECUTABLE: /usr/bin/python3
[0.942s] -- Found rosidl_default_generators: 1.0.1 (/opt/ros/foxy/share/rosidl_default_generators/cmake)
[0.946s] -- Using all available rosidl_typesupport_c: rosidl_typesupport_fastrtps_c;rosidl_typesupport_introspection_c
[0.953s] -- Found rosidl_adapter: 1.3.1 (/opt/ros/foxy/share/rosidl_adapter/cmake)
[1.371s] -- Found OpenSSL: /usr/lib/x86_64-linux-gnu/libcrypto.so (found version "1.1.1f")  
[1.658s] -- Found FastRTPS: /opt/ros/foxy/include  
[2.158s] -- Using all available rosidl_typesupport_cpp: rosidl_typesupport_fastrtps_cpp;rosidl_typesupport_introspection_cpp
[2.191s] -- Found PythonInterp: /usr/bin/python3 (found version "3.8.10") 
[2.270s] -- Found ament_cmake_ros: 0.9.2 (/opt/ros/foxy/share/ament_cmake_ros/cmake)
[3.370s] -- Using all available rosidl_typesupport_c: rosidl_typesupport_fastrtps_c;rosidl_typesupport_introspection_c
[3.376s] -- Using all available rosidl_typesupport_cpp: rosidl_typesupport_fastrtps_cpp;rosidl_typesupport_introspection_cpp
[3.390s] -- Found PythonInterp: /usr/bin/python3 (found suitable version "3.8.10", minimum required is "3.5") 
[3.392s] -- Found python_cmake_module: 0.8.1 (/opt/ros/foxy/share/python_cmake_module/cmake)
[3.506s] -- Found PythonLibs: /usr/lib/x86_64-linux-gnu/libpython3.8.so (found suitable version "3.8.10", minimum required is "3.5") 
[3.506s] -- Using PYTHON_EXECUTABLE: /usr/bin/python3
[3.506s] -- Using PYTHON_INCLUDE_DIRS: /usr/include/python3.8
[3.506s] -- Using PYTHON_LIBRARIES: /usr/lib/x86_64-linux-gnu/libpython3.8.so
[3.518s] -- Found PythonExtra: .so  
[3.555s] -- Found ament_lint_auto: 0.9.8 (/opt/ros/foxy/share/ament_lint_auto/cmake)
[3.575s] -- Added test 'copyright' to check source files copyright and LICENSE
[3.576s] -- Added test 'lint_cmake' to check CMake code style
[3.578s] -- Added test 'xmllint' to check XML markup files
[3.581s] -- Configuring done
[3.598s] -- Generating done
[3.600s] -- Build files have been written to: /home/haru/test-1/ros2_ws/build/person_msgs
[3.606s] Invoked command in '/home/haru/test-1/ros2_ws/build/person_msgs' returned '0': CMAKE_PREFIX_PATH=/home/haru/test-1/ros2_ws/install/mypkg:/opt/ros/foxy /usr/bin/cmake /home/haru/test-1/ros2_ws/src/person_msgs -DCMAKE_INSTALL_PREFIX=/home/haru/test-1/ros2_ws/install/person_msgs
[3.608s] Invoking command in '/home/haru/test-1/ros2_ws/build/person_msgs': CMAKE_PREFIX_PATH=/home/haru/test-1/ros2_ws/install/mypkg:/opt/ros/foxy /usr/bin/cmake --build /home/haru/test-1/ros2_ws/build/person_msgs -- -j8 -l8
[3.631s] [35m[1mScanning dependencies of target person_msgs__cpp[0m
[3.631s] [  3%] [34m[1mGenerating C code for ROS interfaces[0m
[3.637s] [  6%] [34m[1mGenerating C++ code for ROS interfaces[0m
[3.781s] [35m[1mScanning dependencies of target person_msgs__rosidl_generator_c[0m
[3.786s] [  6%] Built target person_msgs__cpp
[3.793s] [ 19%] [34m[1mGenerating C++ introspection for ROS interfaces[0m
[3.793s] [ 19%] [34m[1mGenerating C++ type support for eProsima Fast-RTPS[0m
[3.793s] [ 19%] [34m[1mGenerating C++ type support dispatch for ROS interfaces[0m
[3.794s] [ 19%] [32mBuilding C object CMakeFiles/person_msgs__rosidl_generator_c.dir/rosidl_generator_c/person_msgs/msg/detail/person__functions.c.o[0m
[3.848s] [ 22%] [32m[1mLinking C shared library libperson_msgs__rosidl_generator_c.so[0m
[3.890s] [ 22%] Built target person_msgs__rosidl_generator_c
[3.898s] [ 25%] [34m[1mGenerating C type support dispatch for ROS interfaces[0m
[3.899s] [ 29%] [34m[1mGenerating C introspection for ROS interfaces[0m
[3.959s] [35m[1mScanning dependencies of target person_msgs__rosidl_typesupport_introspection_cpp[0m
[3.972s] [35m[1mScanning dependencies of target person_msgs__rosidl_typesupport_cpp[0m
[3.973s] [ 32%] [32mBuilding CXX object CMakeFiles/person_msgs__rosidl_typesupport_introspection_cpp.dir/rosidl_typesupport_introspection_cpp/person_msgs/msg/detail/person__type_support.cpp.o[0m
[3.984s] [ 35%] [32mBuilding CXX object CMakeFiles/person_msgs__rosidl_typesupport_cpp.dir/rosidl_typesupport_cpp/person_msgs/msg/person__type_support.cpp.o[0m
[4.005s] [35m[1mScanning dependencies of target person_msgs__rosidl_typesupport_fastrtps_cpp[0m
[4.016s] [ 38%] [32mBuilding CXX object CMakeFiles/person_msgs__rosidl_typesupport_fastrtps_cpp.dir/rosidl_typesupport_fastrtps_cpp/person_msgs/msg/detail/dds_fastrtps/person__type_support.cpp.o[0m
[4.083s] [35m[1mScanning dependencies of target person_msgs__rosidl_typesupport_c[0m
[4.092s] [ 41%] [32mBuilding CXX object CMakeFiles/person_msgs__rosidl_typesupport_c.dir/rosidl_typesupport_c/person_msgs/msg/person__type_support.cpp.o[0m
[4.111s] [35m[1mScanning dependencies of target person_msgs__rosidl_typesupport_introspection_c[0m
[4.117s] [ 45%] [32m[1mLinking CXX shared library libperson_msgs__rosidl_typesupport_c.so[0m
[4.121s] [ 48%] [32mBuilding C object CMakeFiles/person_msgs__rosidl_typesupport_introspection_c.dir/rosidl_typesupport_introspection_c/person_msgs/msg/detail/person__type_support.c.o[0m
[4.146s] [ 51%] [32m[1mLinking C shared library libperson_msgs__rosidl_typesupport_introspection_c.so[0m
[4.179s] [ 51%] Built target person_msgs__rosidl_typesupport_c
[4.199s] [ 51%] Built target person_msgs__rosidl_typesupport_introspection_c
[4.227s] [ 54%] [32m[1mLinking CXX shared library libperson_msgs__rosidl_typesupport_cpp.so[0m
[4.229s] [ 58%] [32m[1mLinking CXX shared library libperson_msgs__rosidl_typesupport_introspection_cpp.so[0m
[4.269s] [ 58%] Built target person_msgs__rosidl_typesupport_cpp
[4.286s] [ 58%] Built target person_msgs__rosidl_typesupport_introspection_cpp
[4.334s] [ 61%] [32m[1mLinking CXX shared library libperson_msgs__rosidl_typesupport_fastrtps_cpp.so[0m
[4.397s] [ 61%] Built target person_msgs__rosidl_typesupport_fastrtps_cpp
[4.402s] [ 64%] [34m[1mGenerating C type support for eProsima Fast-RTPS[0m
[4.534s] [35m[1mScanning dependencies of target person_msgs__rosidl_typesupport_fastrtps_c[0m
[4.544s] [ 67%] [32mBuilding CXX object CMakeFiles/person_msgs__rosidl_typesupport_fastrtps_c.dir/rosidl_typesupport_fastrtps_c/person_msgs/msg/detail/person__type_support_c.cpp.o[0m
[4.731s] [ 70%] [32m[1mLinking CXX shared library libperson_msgs__rosidl_typesupport_fastrtps_c.so[0m
[4.797s] [ 70%] Built target person_msgs__rosidl_typesupport_fastrtps_c
[4.802s] [35m[1mScanning dependencies of target person_msgs[0m
[4.808s] [ 70%] Built target person_msgs
[4.814s] [35m[1mScanning dependencies of target person_msgs__py[0m
[4.820s] [ 74%] [34m[1mGenerating Python code for ROS interfaces[0m
[5.094s] [ 74%] Built target person_msgs__py
[5.100s] [35m[1mScanning dependencies of target person_msgs__python[0m
[5.127s] [ 77%] [32mBuilding C object CMakeFiles/person_msgs__python.dir/rosidl_generator_py/person_msgs/msg/_person_s.c.o[0m
[5.189s] [ 80%] [32m[1mLinking C shared library rosidl_generator_py/person_msgs/libperson_msgs__python.so[0m
[5.235s] [ 80%] Built target person_msgs__python
[5.241s] [35m[1mScanning dependencies of target person_msgs__rosidl_typesupport_fastrtps_c__pyext[0m
[5.241s] [35m[1mScanning dependencies of target person_msgs__rosidl_typesupport_c__pyext[0m
[5.241s] [35m[1mScanning dependencies of target person_msgs__rosidl_typesupport_introspection_c__pyext[0m
[5.252s] [ 83%] [32mBuilding C object CMakeFiles/person_msgs__rosidl_typesupport_c__pyext.dir/rosidl_generator_py/person_msgs/_person_msgs_s.ep.rosidl_typesupport_c.c.o[0m
[5.252s] [ 90%] [32mBuilding C object CMakeFiles/person_msgs__rosidl_typesupport_introspection_c__pyext.dir/rosidl_generator_py/person_msgs/_person_msgs_s.ep.rosidl_typesupport_introspection_c.c.o[0m
[5.252s] [ 90%] [32mBuilding C object CMakeFiles/person_msgs__rosidl_typesupport_fastrtps_c__pyext.dir/rosidl_generator_py/person_msgs/_person_msgs_s.ep.rosidl_typesupport_fastrtps_c.c.o[0m
[5.309s] [ 93%] [32m[1mLinking CXX shared library rosidl_generator_py/person_msgs/person_msgs_s__rosidl_typesupport_fastrtps_c.cpython-38-x86_64-linux-gnu.so[0m
[5.312s] [ 96%] [32m[1mLinking C shared library rosidl_generator_py/person_msgs/person_msgs_s__rosidl_typesupport_introspection_c.cpython-38-x86_64-linux-gnu.so[0m
[5.322s] [100%] [32m[1mLinking C shared library rosidl_generator_py/person_msgs/person_msgs_s__rosidl_typesupport_c.cpython-38-x86_64-linux-gnu.so[0m
[5.349s] [100%] Built target person_msgs__rosidl_typesupport_introspection_c__pyext
[5.362s] [100%] Built target person_msgs__rosidl_typesupport_c__pyext
[5.363s] [100%] Built target person_msgs__rosidl_typesupport_fastrtps_c__pyext
[5.370s] Invoked command in '/home/haru/test-1/ros2_ws/build/person_msgs' returned '0': CMAKE_PREFIX_PATH=/home/haru/test-1/ros2_ws/install/mypkg:/opt/ros/foxy /usr/bin/cmake --build /home/haru/test-1/ros2_ws/build/person_msgs -- -j8 -l8
[5.406s] Invoking command in '/home/haru/test-1/ros2_ws/build/person_msgs': CMAKE_PREFIX_PATH=/home/haru/test-1/ros2_ws/install/mypkg:/opt/ros/foxy /usr/bin/cmake --install /home/haru/test-1/ros2_ws/build/person_msgs
[5.411s] -- Install configuration: ""
[5.411s] -- Installing: /home/haru/test-1/ros2_ws/install/person_msgs/share/ament_index/resource_index/rosidl_interfaces/person_msgs
[5.411s] -- Installing: /home/haru/test-1/ros2_ws/install/person_msgs/include/person_msgs
[5.412s] -- Installing: /home/haru/test-1/ros2_ws/install/person_msgs/include/person_msgs/msg
[5.412s] -- Installing: /home/haru/test-1/ros2_ws/install/person_msgs/include/person_msgs/msg/detail
[5.412s] -- Installing: /home/haru/test-1/ros2_ws/install/person_msgs/include/person_msgs/msg/detail/person__functions.h
[5.412s] -- Installing: /home/haru/test-1/ros2_ws/install/person_msgs/include/person_msgs/msg/detail/person__struct.h
[5.412s] -- Installing: /home/haru/test-1/ros2_ws/install/person_msgs/include/person_msgs/msg/detail/person__functions.c
[5.412s] -- Installing: /home/haru/test-1/ros2_ws/install/person_msgs/include/person_msgs/msg/detail/person__type_support.h
[5.412s] -- Installing: /home/haru/test-1/ros2_ws/install/person_msgs/include/person_msgs/msg/person.h
[5.412s] -- Installing: /home/haru/test-1/ros2_ws/install/person_msgs/include/person_msgs/msg/rosidl_generator_c__visibility_control.h
[5.412s] -- Installing: /home/haru/test-1/ros2_ws/install/person_msgs/share/person_msgs/environment/library_path.sh
[5.412s] -- Installing: /home/haru/test-1/ros2_ws/install/person_msgs/share/person_msgs/environment/library_path.dsv
[5.413s] -- Installing: /home/haru/test-1/ros2_ws/install/person_msgs/lib/libperson_msgs__rosidl_generator_c.so
[5.413s] -- Set runtime path of "/home/haru/test-1/ros2_ws/install/person_msgs/lib/libperson_msgs__rosidl_generator_c.so" to ""
[5.413s] -- Up-to-date: /home/haru/test-1/ros2_ws/install/person_msgs/include/person_msgs
[5.413s] -- Up-to-date: /home/haru/test-1/ros2_ws/install/person_msgs/include/person_msgs/msg
[5.413s] -- Up-to-date: /home/haru/test-1/ros2_ws/install/person_msgs/include/person_msgs/msg/detail
[5.413s] -- Installing: /home/haru/test-1/ros2_ws/install/person_msgs/include/person_msgs/msg/detail/person__rosidl_typesupport_fastrtps_c.h
[5.413s] -- Installing: /home/haru/test-1/ros2_ws/install/person_msgs/include/person_msgs/msg/rosidl_typesupport_fastrtps_c__visibility_control.h
[5.413s] -- Installing: /home/haru/test-1/ros2_ws/install/person_msgs/lib/libperson_msgs__rosidl_typesupport_fastrtps_c.so
[5.413s] -- Set runtime path of "/home/haru/test-1/ros2_ws/install/person_msgs/lib/libperson_msgs__rosidl_typesupport_fastrtps_c.so" to ""
[5.413s] -- Up-to-date: /home/haru/test-1/ros2_ws/install/person_msgs/include/person_msgs
[5.414s] -- Up-to-date: /home/haru/test-1/ros2_ws/install/person_msgs/include/person_msgs/msg
[5.414s] -- Up-to-date: /home/haru/test-1/ros2_ws/install/person_msgs/include/person_msgs/msg/detail
[5.414s] -- Installing: /home/haru/test-1/ros2_ws/install/person_msgs/include/person_msgs/msg/detail/dds_fastrtps
[5.414s] -- Installing: /home/haru/test-1/ros2_ws/install/person_msgs/include/person_msgs/msg/detail/person__rosidl_typesupport_fastrtps_cpp.hpp
[5.414s] -- Installing: /home/haru/test-1/ros2_ws/install/person_msgs/include/person_msgs/msg/rosidl_typesupport_fastrtps_cpp__visibility_control.h
[5.414s] -- Installing: /home/haru/test-1/ros2_ws/install/person_msgs/lib/libperson_msgs__rosidl_typesupport_fastrtps_cpp.so
[5.415s] -- Set runtime path of "/home/haru/test-1/ros2_ws/install/person_msgs/lib/libperson_msgs__rosidl_typesupport_fastrtps_cpp.so" to ""
[5.415s] -- Up-to-date: /home/haru/test-1/ros2_ws/install/person_msgs/include/person_msgs
[5.415s] -- Up-to-date: /home/haru/test-1/ros2_ws/install/person_msgs/include/person_msgs/msg
[5.415s] -- Installing: /home/haru/test-1/ros2_ws/install/person_msgs/include/person_msgs/msg/rosidl_typesupport_introspection_c__visibility_control.h
[5.415s] -- Up-to-date: /home/haru/test-1/ros2_ws/install/person_msgs/include/person_msgs/msg/detail
[5.415s] -- Installing: /home/haru/test-1/ros2_ws/install/person_msgs/include/person_msgs/msg/detail/person__rosidl_typesupport_introspection_c.h
[5.415s] -- Installing: /home/haru/test-1/ros2_ws/install/person_msgs/include/person_msgs/msg/detail/person__type_support.c
[5.415s] -- Installing: /home/haru/test-1/ros2_ws/install/person_msgs/lib/libperson_msgs__rosidl_typesupport_introspection_c.so
[5.415s] -- Set runtime path of "/home/haru/test-1/ros2_ws/install/person_msgs/lib/libperson_msgs__rosidl_typesupport_introspection_c.so" to ""
[5.415s] -- Installing: /home/haru/test-1/ros2_ws/install/person_msgs/lib/libperson_msgs__rosidl_typesupport_c.so
[5.416s] -- Set runtime path of "/home/haru/test-1/ros2_ws/install/person_msgs/lib/libperson_msgs__rosidl_typesupport_c.so" to ""
[5.416s] -- Up-to-date: /home/haru/test-1/ros2_ws/install/person_msgs/include/person_msgs
[5.416s] -- Up-to-date: /home/haru/test-1/ros2_ws/install/person_msgs/include/person_msgs/msg
[5.416s] -- Installing: /home/haru/test-1/ros2_ws/install/person_msgs/include/person_msgs/msg/rosidl_generator_cpp__visibility_control.hpp
[5.416s] -- Up-to-date: /home/haru/test-1/ros2_ws/install/person_msgs/include/person_msgs/msg/detail
[5.416s] -- Installing: /home/haru/test-1/ros2_ws/install/person_msgs/include/person_msgs/msg/detail/person__builder.hpp
[5.416s] -- Installing: /home/haru/test-1/ros2_ws/install/person_msgs/include/person_msgs/msg/detail/person__type_support.hpp
[5.416s] -- Installing: /home/haru/test-1/ros2_ws/install/person_msgs/include/person_msgs/msg/detail/person__traits.hpp
[5.416s] -- Installing: /home/haru/test-1/ros2_ws/install/person_msgs/include/person_msgs/msg/detail/person__struct.hpp
[5.416s] -- Installing: /home/haru/test-1/ros2_ws/install/person_msgs/include/person_msgs/msg/person.hpp
[5.416s] -- Up-to-date: /home/haru/test-1/ros2_ws/install/person_msgs/include/person_msgs
[5.416s] -- Up-to-date: /home/haru/test-1/ros2_ws/install/person_msgs/include/person_msgs/msg
[5.417s] -- Up-to-date: /home/haru/test-1/ros2_ws/install/person_msgs/include/person_msgs/msg/detail
[5.417s] -- Installing: /home/haru/test-1/ros2_ws/install/person_msgs/include/person_msgs/msg/detail/person__rosidl_typesupport_introspection_cpp.hpp
[5.417s] -- Installing: /home/haru/test-1/ros2_ws/install/person_msgs/include/person_msgs/msg/detail/person__type_support.cpp
[5.417s] -- Installing: /home/haru/test-1/ros2_ws/install/person_msgs/lib/libperson_msgs__rosidl_typesupport_introspection_cpp.so
[5.417s] -- Set runtime path of "/home/haru/test-1/ros2_ws/install/person_msgs/lib/libperson_msgs__rosidl_typesupport_introspection_cpp.so" to ""
[5.417s] -- Installing: /home/haru/test-1/ros2_ws/install/person_msgs/lib/libperson_msgs__rosidl_typesupport_cpp.so
[5.417s] -- Set runtime path of "/home/haru/test-1/ros2_ws/install/person_msgs/lib/libperson_msgs__rosidl_typesupport_cpp.so" to ""
[5.417s] -- Installing: /home/haru/test-1/ros2_ws/install/person_msgs/share/person_msgs/environment/pythonpath.sh
[5.417s] -- Installing: /home/haru/test-1/ros2_ws/install/person_msgs/share/person_msgs/environment/pythonpath.dsv
[5.417s] -- Installing: /home/haru/test-1/ros2_ws/install/person_msgs/lib/python3.8/site-packages/person_msgs/__init__.py
[5.435s] Compiling '/home/haru/test-1/ros2_ws/install/person_msgs/lib/python3.8/site-packages/person_msgs/__init__.py'...
[5.438s] -- Installing: /home/haru/test-1/ros2_ws/install/person_msgs/lib/python3.8/site-packages/person_msgs/msg
[5.438s] -- Installing: /home/haru/test-1/ros2_ws/install/person_msgs/lib/python3.8/site-packages/person_msgs/msg/_person.py
[5.438s] -- Installing: /home/haru/test-1/ros2_ws/install/person_msgs/lib/python3.8/site-packages/person_msgs/msg/_person_s.c
[5.438s] -- Installing: /home/haru/test-1/ros2_ws/install/person_msgs/lib/python3.8/site-packages/person_msgs/msg/__init__.py
[5.438s] -- Installing: /home/haru/test-1/ros2_ws/install/person_msgs/lib/python3.8/site-packages/person_msgs/person_msgs_s__rosidl_typesupport_fastrtps_c.cpython-38-x86_64-linux-gnu.so
[5.438s] -- Set runtime path of "/home/haru/test-1/ros2_ws/install/person_msgs/lib/python3.8/site-packages/person_msgs/person_msgs_s__rosidl_typesupport_fastrtps_c.cpython-38-x86_64-linux-gnu.so" to ""
[5.438s] -- Installing: /home/haru/test-1/ros2_ws/install/person_msgs/lib/python3.8/site-packages/person_msgs/person_msgs_s__rosidl_typesupport_introspection_c.cpython-38-x86_64-linux-gnu.so
[5.439s] -- Set runtime path of "/home/haru/test-1/ros2_ws/install/person_msgs/lib/python3.8/site-packages/person_msgs/person_msgs_s__rosidl_typesupport_introspection_c.cpython-38-x86_64-linux-gnu.so" to ""
[5.439s] -- Installing: /home/haru/test-1/ros2_ws/install/person_msgs/lib/python3.8/site-packages/person_msgs/person_msgs_s__rosidl_typesupport_c.cpython-38-x86_64-linux-gnu.so
[5.439s] -- Set runtime path of "/home/haru/test-1/ros2_ws/install/person_msgs/lib/python3.8/site-packages/person_msgs/person_msgs_s__rosidl_typesupport_c.cpython-38-x86_64-linux-gnu.so" to ""
[5.439s] -- Installing: /home/haru/test-1/ros2_ws/install/person_msgs/lib/libperson_msgs__python.so
[5.439s] -- Set runtime path of "/home/haru/test-1/ros2_ws/install/person_msgs/lib/libperson_msgs__python.so" to ""
[5.440s] -- Installing: /home/haru/test-1/ros2_ws/install/person_msgs/share/person_msgs/msg/Person.idl
[5.440s] -- Installing: /home/haru/test-1/ros2_ws/install/person_msgs/share/person_msgs/msg/Person.msg
[5.440s] -- Installing: /home/haru/test-1/ros2_ws/install/person_msgs/share/ament_index/resource_index/package_run_dependencies/person_msgs
[5.440s] -- Installing: /home/haru/test-1/ros2_ws/install/person_msgs/share/ament_index/resource_index/parent_prefix_path/person_msgs
[5.440s] -- Installing: /home/haru/test-1/ros2_ws/install/person_msgs/share/person_msgs/environment/ament_prefix_path.sh
[5.440s] -- Installing: /home/haru/test-1/ros2_ws/install/person_msgs/share/person_msgs/environment/ament_prefix_path.dsv
[5.440s] -- Installing: /home/haru/test-1/ros2_ws/install/person_msgs/share/person_msgs/environment/path.sh
[5.440s] -- Installing: /home/haru/test-1/ros2_ws/install/person_msgs/share/person_msgs/environment/path.dsv
[5.440s] -- Installing: /home/haru/test-1/ros2_ws/install/person_msgs/share/person_msgs/local_setup.bash
[5.441s] -- Installing: /home/haru/test-1/ros2_ws/install/person_msgs/share/person_msgs/local_setup.sh
[5.441s] -- Installing: /home/haru/test-1/ros2_ws/install/person_msgs/share/person_msgs/local_setup.zsh
[5.441s] -- Installing: /home/haru/test-1/ros2_ws/install/person_msgs/share/person_msgs/local_setup.dsv
[5.441s] -- Installing: /home/haru/test-1/ros2_ws/install/person_msgs/share/person_msgs/package.dsv
[5.441s] -- Installing: /home/haru/test-1/ros2_ws/install/person_msgs/share/ament_index/resource_index/packages/person_msgs
[5.441s] -- Installing: /home/haru/test-1/ros2_ws/install/person_msgs/share/person_msgs/cmake/person_msgs__rosidl_generator_cExport.cmake
[5.441s] -- Installing: /home/haru/test-1/ros2_ws/install/person_msgs/share/person_msgs/cmake/person_msgs__rosidl_generator_cExport-noconfig.cmake
[5.441s] -- Installing: /home/haru/test-1/ros2_ws/install/person_msgs/share/person_msgs/cmake/person_msgs__rosidl_typesupport_introspection_cExport.cmake
[5.441s] -- Installing: /home/haru/test-1/ros2_ws/install/person_msgs/share/person_msgs/cmake/person_msgs__rosidl_typesupport_introspection_cExport-noconfig.cmake
[5.441s] -- Installing: /home/haru/test-1/ros2_ws/install/person_msgs/share/person_msgs/cmake/person_msgs__rosidl_typesupport_cExport.cmake
[5.442s] -- Installing: /home/haru/test-1/ros2_ws/install/person_msgs/share/person_msgs/cmake/person_msgs__rosidl_typesupport_cExport-noconfig.cmake
[5.442s] -- Installing: /home/haru/test-1/ros2_ws/install/person_msgs/share/person_msgs/cmake/person_msgs__rosidl_generator_cppExport.cmake
[5.442s] -- Installing: /home/haru/test-1/ros2_ws/install/person_msgs/share/person_msgs/cmake/person_msgs__rosidl_typesupport_introspection_cppExport.cmake
[5.442s] -- Installing: /home/haru/test-1/ros2_ws/install/person_msgs/share/person_msgs/cmake/person_msgs__rosidl_typesupport_introspection_cppExport-noconfig.cmake
[5.442s] -- Installing: /home/haru/test-1/ros2_ws/install/person_msgs/share/person_msgs/cmake/person_msgs__rosidl_typesupport_cppExport.cmake
[5.442s] -- Installing: /home/haru/test-1/ros2_ws/install/person_msgs/share/person_msgs/cmake/person_msgs__rosidl_typesupport_cppExport-noconfig.cmake
[5.442s] -- Installing: /home/haru/test-1/ros2_ws/install/person_msgs/share/person_msgs/cmake/rosidl_cmake-extras.cmake
[5.442s] -- Installing: /home/haru/test-1/ros2_ws/install/person_msgs/share/person_msgs/cmake/ament_cmake_export_dependencies-extras.cmake
[5.442s] -- Installing: /home/haru/test-1/ros2_ws/install/person_msgs/share/person_msgs/cmake/ament_cmake_export_libraries-extras.cmake
[5.443s] -- Installing: /home/haru/test-1/ros2_ws/install/person_msgs/share/person_msgs/cmake/ament_cmake_export_targets-extras.cmake
[5.443s] -- Installing: /home/haru/test-1/ros2_ws/install/person_msgs/share/person_msgs/cmake/ament_cmake_export_include_directories-extras.cmake
[5.443s] -- Installing: /home/haru/test-1/ros2_ws/install/person_msgs/share/person_msgs/cmake/rosidl_cmake_export_typesupport_libraries-extras.cmake
[5.443s] -- Installing: /home/haru/test-1/ros2_ws/install/person_msgs/share/person_msgs/cmake/rosidl_cmake_export_typesupport_targets-extras.cmake
[5.443s] -- Installing: /home/haru/test-1/ros2_ws/install/person_msgs/share/person_msgs/cmake/person_msgsConfig.cmake
[5.443s] -- Installing: /home/haru/test-1/ros2_ws/install/person_msgs/share/person_msgs/cmake/person_msgsConfig-version.cmake
[5.443s] -- Installing: /home/haru/test-1/ros2_ws/install/person_msgs/share/person_msgs/package.xml
[5.444s] Invoked command in '/home/haru/test-1/ros2_ws/build/person_msgs' returned '0': CMAKE_PREFIX_PATH=/home/haru/test-1/ros2_ws/install/mypkg:/opt/ros/foxy /usr/bin/cmake --install /home/haru/test-1/ros2_ws/build/person_msgs
