[0.402s] Invoking command in '/home/haru/ros2_ws/src/mypkg': PYTHONPATH=/home/haru/ros2_ws/build/mypkg/prefix_override:/usr/lib/python3/dist-packages/colcon_core/task/python/colcon_distutils_commands:/home/haru/ros2_ws/install/mypkg/lib/python3.8/site-packages:${PYTHONPATH} /usr/bin/python3 -W ignore:setup.py install is deprecated setup.py egg_info --egg-base ../../build/mypkg build --build-base /home/haru/ros2_ws/build/mypkg/build install --record /home/haru/ros2_ws/build/mypkg/install.log --install-scripts $base/lib/mypkg --single-version-externally-managed install_data
[0.518s] running egg_info
[0.519s] writing ../../build/mypkg/mypkg.egg-info/PKG-INFO
[0.519s] writing dependency_links to ../../build/mypkg/mypkg.egg-info/dependency_links.txt
[0.520s] writing entry points to ../../build/mypkg/mypkg.egg-info/entry_points.txt
[0.520s] writing requirements to ../../build/mypkg/mypkg.egg-info/requires.txt
[0.520s] writing top-level names to ../../build/mypkg/mypkg.egg-info/top_level.txt
[0.540s] reading manifest file '../../build/mypkg/mypkg.egg-info/SOURCES.txt'
[0.541s] writing manifest file '../../build/mypkg/mypkg.egg-info/SOURCES.txt'
[0.541s] running build
[0.541s] running build_py
[0.541s] running install
[0.542s] running install_lib
[0.543s] running install_data
[0.543s] copying package.xml -> /home/haru/ros2_ws/install/mypkg/share/mypkg
[0.543s] running install_egg_info
[0.544s] removing '/home/haru/ros2_ws/install/mypkg/lib/python3.8/site-packages/mypkg-0.0.0-py3.8.egg-info' (and everything under it)
[0.544s] Copying ../../build/mypkg/mypkg.egg-info to /home/haru/ros2_ws/install/mypkg/lib/python3.8/site-packages/mypkg-0.0.0-py3.8.egg-info
[0.545s] running install_scripts
[0.555s] writing list of installed files to '/home/haru/ros2_ws/build/mypkg/install.log'
[0.571s] Invoked command in '/home/haru/ros2_ws/src/mypkg' returned '0': PYTHONPATH=/home/haru/ros2_ws/build/mypkg/prefix_override:/usr/lib/python3/dist-packages/colcon_core/task/python/colcon_distutils_commands:/home/haru/ros2_ws/install/mypkg/lib/python3.8/site-packages:${PYTHONPATH} /usr/bin/python3 -W ignore:setup.py install is deprecated setup.py egg_info --egg-base ../../build/mypkg build --build-base /home/haru/ros2_ws/build/mypkg/build install --record /home/haru/ros2_ws/build/mypkg/install.log --install-scripts $base/lib/mypkg --single-version-externally-managed install_data
