[0.370s] Invoking command in '/home/haru/ros2_ws/src/mypkg': PYTHONPATH=/home/haru/ros2_ws/build/mypkg/prefix_override:/usr/lib/python3/dist-packages/colcon_core/task/python/colcon_distutils_commands:/home/haru/ros2_ws/install/mypkg/lib/python3.8/site-packages:${PYTHONPATH} /usr/bin/python3 -W ignore:setup.py install is deprecated setup.py egg_info --egg-base ../../build/mypkg build --build-base /home/haru/ros2_ws/build/mypkg/build install --record /home/haru/ros2_ws/build/mypkg/install.log --install-scripts $base/lib/mypkg --single-version-externally-managed install_data
[0.495s] running egg_info
[0.495s] writing ../../build/mypkg/mypkg.egg-info/PKG-INFO
[0.496s] writing dependency_links to ../../build/mypkg/mypkg.egg-info/dependency_links.txt
[0.496s] writing entry points to ../../build/mypkg/mypkg.egg-info/entry_points.txt
[0.496s] writing requirements to ../../build/mypkg/mypkg.egg-info/requires.txt
[0.496s] writing top-level names to ../../build/mypkg/mypkg.egg-info/top_level.txt
[0.517s] reading manifest file '../../build/mypkg/mypkg.egg-info/SOURCES.txt'
[0.518s] writing manifest file '../../build/mypkg/mypkg.egg-info/SOURCES.txt'
[0.518s] running build
[0.518s] running build_py
[0.519s] running install
[0.519s] running install_lib
[0.520s] running install_data
[0.520s] running install_egg_info
[0.521s] removing '/home/haru/ros2_ws/install/mypkg/lib/python3.8/site-packages/mypkg-0.0.0-py3.8.egg-info' (and everything under it)
[0.521s] Copying ../../build/mypkg/mypkg.egg-info to /home/haru/ros2_ws/install/mypkg/lib/python3.8/site-packages/mypkg-0.0.0-py3.8.egg-info
[0.522s] running install_scripts
[0.533s] writing list of installed files to '/home/haru/ros2_ws/build/mypkg/install.log'
[0.547s] Invoked command in '/home/haru/ros2_ws/src/mypkg' returned '0': PYTHONPATH=/home/haru/ros2_ws/build/mypkg/prefix_override:/usr/lib/python3/dist-packages/colcon_core/task/python/colcon_distutils_commands:/home/haru/ros2_ws/install/mypkg/lib/python3.8/site-packages:${PYTHONPATH} /usr/bin/python3 -W ignore:setup.py install is deprecated setup.py egg_info --egg-base ../../build/mypkg build --build-base /home/haru/ros2_ws/build/mypkg/build install --record /home/haru/ros2_ws/build/mypkg/install.log --install-scripts $base/lib/mypkg --single-version-externally-managed install_data
